Performing C SOURCE FILE Test CMAKE_HAVE_LIBC_PTHREAD failed with the following output:
Change Dir: /home/lmq/slambook/homework/ch6/ceres_curve_fitting/build/CMakeFiles/CMakeTmp

Run Build Command(s):/usr/bin/make cmTC_5c43f/fast && /usr/bin/make -f CMakeFiles/cmTC_5c43f.dir/build.make CMakeFiles/cmTC_5c43f.dir/build
make[1]: Entering directory '/home/lmq/slambook/homework/ch6/ceres_curve_fitting/build/CMakeFiles/CMakeTmp'
Building C object CMakeFiles/cmTC_5c43f.dir/src.c.o
/usr/bin/cc   -DCMAKE_HAVE_LIBC_PTHREAD   -o CMakeFiles/cmTC_5c43f.dir/src.c.o   -c /home/lmq/slambook/homework/ch6/ceres_curve_fitting/build/CMakeFiles/CMakeTmp/src.c
Linking C executable cmTC_5c43f
/usr/bin/cmake -E cmake_link_script CMakeFiles/cmTC_5c43f.dir/link.txt --verbose=1
/usr/bin/cc  -DCMAKE_HAVE_LIBC_PTHREAD    -rdynamic CMakeFiles/cmTC_5c43f.dir/src.c.o  -o cmTC_5c43f 
/usr/bin/ld: CMakeFiles/cmTC_5c43f.dir/src.c.o: in function `main':
src.c:(.text+0x46): undefined reference to `pthread_create'
/usr/bin/ld: src.c:(.text+0x52): undefined reference to `pthread_detach'
/usr/bin/ld: src.c:(.text+0x63): undefined reference to `pthread_join'
collect2: error: ld returned 1 exit status
make[1]: *** [CMakeFiles/cmTC_5c43f.dir/build.make:87: cmTC_5c43f] Error 1
make[1]: Leaving directory '/home/lmq/slambook/homework/ch6/ceres_curve_fitting/build/CMakeFiles/CMakeTmp'
make: *** [Makefile:121: cmTC_5c43f/fast] Error 2


Source file was:
#include <pthread.h>

void* test_func(void* data)
{
  return data;
}

int main(void)
{
  pthread_t thread;
  pthread_create(&thread, NULL, test_func, NULL);
  pthread_detach(thread);
  pthread_join(thread, NULL);
  pthread_atfork(NULL, NULL, NULL);
  pthread_exit(NULL);

  return 0;
}

Determining if the function pthread_create exists in the pthreads failed with the following output:
Change Dir: /home/lmq/slambook/homework/ch6/ceres_curve_fitting/build/CMakeFiles/CMakeTmp

Run Build Command(s):/usr/bin/make cmTC_74649/fast && /usr/bin/make -f CMakeFiles/cmTC_74649.dir/build.make CMakeFiles/cmTC_74649.dir/build
make[1]: Entering directory '/home/lmq/slambook/homework/ch6/ceres_curve_fitting/build/CMakeFiles/CMakeTmp'
Building C object CMakeFiles/cmTC_74649.dir/CheckFunctionExists.c.o
/usr/bin/cc   -DCHECK_FUNCTION_EXISTS=pthread_create   -o CMakeFiles/cmTC_74649.dir/CheckFunctionExists.c.o   -c /usr/share/cmake-3.16/Modules/CheckFunctionExists.c
Linking C executable cmTC_74649
/usr/bin/cmake -E cmake_link_script CMakeFiles/cmTC_74649.dir/link.txt --verbose=1
/usr/bin/cc  -DCHECK_FUNCTION_EXISTS=pthread_create    -rdynamic CMakeFiles/cmTC_74649.dir/CheckFunctionExists.c.o  -o cmTC_74649  -lpthreads 
/usr/bin/ld: cannot find -lpthreads
collect2: error: ld returned 1 exit status
make[1]: *** [CMakeFiles/cmTC_74649.dir/build.make:87: cmTC_74649] Error 1
make[1]: Leaving directory '/home/lmq/slambook/homework/ch6/ceres_curve_fitting/build/CMakeFiles/CMakeTmp'
make: *** [Makefile:121: cmTC_74649/fast] Error 2



Determining if the function sgemm_ exists failed with the following output:
Change Dir: /home/lmq/slambook/homework/ch6/ceres_curve_fitting/build/CMakeFiles/CMakeTmp

Run Build Command(s):/usr/bin/make cmTC_f5431/fast && /usr/bin/make -f CMakeFiles/cmTC_f5431.dir/build.make CMakeFiles/cmTC_f5431.dir/build
make[1]: Entering directory '/home/lmq/slambook/homework/ch6/ceres_curve_fitting/build/CMakeFiles/CMakeTmp'
Building C object CMakeFiles/cmTC_f5431.dir/CheckFunctionExists.c.o
/usr/bin/cc   -DCHECK_FUNCTION_EXISTS=sgemm_   -o CMakeFiles/cmTC_f5431.dir/CheckFunctionExists.c.o   -c /usr/share/cmake-3.16/Modules/CheckFunctionExists.c
Linking C executable cmTC_f5431
/usr/bin/cmake -E cmake_link_script CMakeFiles/cmTC_f5431.dir/link.txt --verbose=1
/usr/bin/cc  -DCHECK_FUNCTION_EXISTS=sgemm_    -rdynamic CMakeFiles/cmTC_f5431.dir/CheckFunctionExists.c.o  -o cmTC_f5431 
/usr/bin/ld: CMakeFiles/cmTC_f5431.dir/CheckFunctionExists.c.o: in function `main':
CheckFunctionExists.c:(.text+0x14): undefined reference to `sgemm_'
collect2: error: ld returned 1 exit status
make[1]: *** [CMakeFiles/cmTC_f5431.dir/build.make:87: cmTC_f5431] Error 1
make[1]: Leaving directory '/home/lmq/slambook/homework/ch6/ceres_curve_fitting/build/CMakeFiles/CMakeTmp'
make: *** [Makefile:121: cmTC_f5431/fast] Error 2



Determining if the function cheev_ exists failed with the following output:
Change Dir: /home/lmq/slambook/homework/ch6/ceres_curve_fitting/build/CMakeFiles/CMakeTmp

Run Build Command(s):/usr/bin/make cmTC_6cecd/fast && /usr/bin/make -f CMakeFiles/cmTC_6cecd.dir/build.make CMakeFiles/cmTC_6cecd.dir/build
make[1]: Entering directory '/home/lmq/slambook/homework/ch6/ceres_curve_fitting/build/CMakeFiles/CMakeTmp'
Building C object CMakeFiles/cmTC_6cecd.dir/CheckFunctionExists.c.o
/usr/bin/cc   -DCHECK_FUNCTION_EXISTS=cheev_   -o CMakeFiles/cmTC_6cecd.dir/CheckFunctionExists.c.o   -c /usr/share/cmake-3.16/Modules/CheckFunctionExists.c
Linking C executable cmTC_6cecd
/usr/bin/cmake -E cmake_link_script CMakeFiles/cmTC_6cecd.dir/link.txt --verbose=1
/usr/bin/cc  -DCHECK_FUNCTION_EXISTS=cheev_    -rdynamic CMakeFiles/cmTC_6cecd.dir/CheckFunctionExists.c.o  -o cmTC_6cecd  /usr/lib/x86_64-linux-gnu/libf77blas.so /usr/lib/x86_64-linux-gnu/libatlas.so 
/usr/bin/ld: CMakeFiles/cmTC_6cecd.dir/CheckFunctionExists.c.o: in function `main':
CheckFunctionExists.c:(.text+0x14): undefined reference to `cheev_'
collect2: error: ld returned 1 exit status
make[1]: *** [CMakeFiles/cmTC_6cecd.dir/build.make:89: cmTC_6cecd] Error 1
make[1]: Leaving directory '/home/lmq/slambook/homework/ch6/ceres_curve_fitting/build/CMakeFiles/CMakeTmp'
make: *** [Makefile:121: cmTC_6cecd/fast] Error 2



